0 info it worked if it ends with ok
1 verbose cli [ '/usr/bin/node', '/usr/bin/npm', 'install', '--production' ]
2 info using npm@2.15.0
3 info using node@v0.12.13
4 verbose node symlink /usr/bin/node
5 verbose readDependencies loading dependencies from /home/cjr/AvaliacaoDesempenho/package.json
6 error install Couldn't read dependencies
7 verbose stack Error: ENOENT, open '/home/cjr/AvaliacaoDesempenho/package.json'
7 verbose stack     at Error (native)
8 verbose cwd /home/cjr/AvaliacaoDesempenho
9 error Linux 3.16.0-70-generic
10 error argv "/usr/bin/node" "/usr/bin/npm" "install" "--production"
11 error node v0.12.13
12 error npm  v2.15.0
13 error path /home/cjr/AvaliacaoDesempenho/package.json
14 error code ENOPACKAGEJSON
15 error errno -2
16 error package.json ENOENT, open '/home/cjr/AvaliacaoDesempenho/package.json'
16 error package.json This is most likely not a problem with npm itself.
16 error package.json npm can't find a package.json file in your current directory.
17 verbose exit [ -2, true ]
